{
  "RSpec": {
    "coverage": {
      "/home/mercurom1/code/labs/tic-tac-toe-rb-ruby-intro-000/lib/tic_tac_toe.rb": [
        1,
        null,
        1,
        23,
        23,
        23,
        23,
        23,
        null,
        null,
        null,
        1,
        9339,
        null,
        null,
        1,
        24,
        null,
        null,
        1,
        9341,
        null,
        null,
        1,
        9339,
        null,
        null,
        1,
        9337,
        9336,
        9336,
        9336,
        21,
        21,
        null,
        9315,
        null,
        null,
        null,
        null,
        null,
        null,
        null,
        1,
        380,
        null,
        null,
        null,
        null,
        1,
        22,
        15,
        null,
        null,
        null,
        1,
        63,
        433,
        433,
        433,
        433,
        433,
        433,
        433,
        22,
        null,
        8,
        null,
        403,
        null,
        null,
        33,
        null,
        null,
        null,
        null,
        null,
        null,
        1,
        32,
        148,
        24,
        null,
        124,
        null,
        null,
        null,
        null,
        1,
        10,
        3,
        null,
        7,
        null,
        null,
        null,
        null,
        null,
        null,
        1,
        23,
        4,
        null,
        19,
        null,
        null,
        null,
        null,
        1,
        7,
        26,
        26,
        26,
        26,
        26,
        26,
        26,
        4,
        null,
        2,
        null,
        1,
        null,
        null,
        null,
        null,
        null,
        1,
        12,
        20,
        null,
        11,
        5,
        6,
        2,
        null,
        null
      ]
    },
    "timestamp": 1476311986
  }
}
